<?xml version="1.0" encoding="UTF-8"?>
<!-- Generated by org.testng.reporters.JUnitXMLReporter -->
<testsuite hostname="TYSS-Yogita" ignored="0" name="Command line test" tests="4" failures="0" timestamp="2022-06-17T12:20:45 IST" time="17.128" errors="0">
  <testcase name="Open" time="2.176" classname="practiceSession.EmptyBrowserTest"/>
  <testcase name="TC" time="6.335" classname="practiceSession.JS_ScrollTest"/>
  <testcase name="TC" time="1.05" classname="practiceSession.LaunchingBrowserTest"/>
  <testcase name="TC" time="7.538" classname="practiceSession.PRacticeXMLTest"/>
</testsuite> <!-- Command line test -->
